# JRE version: OpenJDK Runtime Environment (8.0_212-b04) (build 1.8.0_212-release-1586-b04)
# Java VM: OpenJDK 64-Bit Server VM (25.212-b04 mixed mode windows-amd64 compressed oops)
Heap:
 PSYoungGen      total 589824K, used 406884K [0x00000000d5580000, 0x00000000fb900000, 0x0000000100000000)
  eden space 564736K, 67% used [0x00000000d5580000,0x00000000eca59c58,0x00000000f7d00000)
  from space 25088K, 99% used [0x00000000f9a00000,0x00000000fb27f678,0x00000000fb280000)
  to   space 29696K, 0% used [0x00000000f7d00000,0x00000000f7d00000,0x00000000f9a00000)
 ParOldGen       total 110080K, used 36805K [0x0000000080000000, 0x0000000086b80000, 0x00000000d5580000)
  object space 110080K, 33% used [0x0000000080000000,0x00000000823f1730,0x0000000086b80000)
 Metaspace       used 80088K, capacity 84426K, committed 84504K, reserved 1122304K
  class space    used 10759K, capacity 11537K, committed 11560K, reserved 1048576K
GC Heap History (10 events):
Event: 4.715 GC heap before
{Heap before GC invocations=9 (full 2):
 PSYoungGen      total 272896K, used 9104K [0x00000000d5580000, 0x00000000f2180000, 0x0000000100000000)
  eden space 257536K, 0% used [0x00000000d5580000,0x00000000d5580000,0x00000000e5100000)
  from space 15360K, 59% used [0x00000000e5100000,0x00000000e59e4258,0x00000000e6000000)
  to   space 15360K, 0% used [0x00000000f1280000,0x00000000f1280000,0x00000000f2180000)
 ParOldGen       total 54272K, used 7602K [0x0000000080000000, 0x0000000083500000, 0x00000000d5580000)
  object space 54272K, 14% used [0x0000000080000000,0x000000008076cb38,0x0000000083500000)
 Metaspace       used 34333K, capacity 35330K, committed 35496K, reserved 1079296K
  class space    used 4661K, capacity 4917K, committed 5032K, reserved 1048576K
Event: 4.818 GC heap after
Heap after GC invocations=9 (full 2):
 PSYoungGen      total 272896K, used 0K [0x00000000d5580000, 0x00000000f2180000, 0x0000000100000000)
  eden space 257536K, 0% used [0x00000000d5580000,0x00000000d5580000,0x00000000e5100000)
  from space 15360K, 0% used [0x00000000e5100000,0x00000000e5100000,0x00000000e6000000)
  to   space 15360K, 0% used [0x00000000f1280000,0x00000000f1280000,0x00000000f2180000)
 ParOldGen       total 76800K, used 16149K [0x0000000080000000, 0x0000000084b00000, 0x00000000d5580000)
  object space 76800K, 21% used [0x0000000080000000,0x0000000080fc55b0,0x0000000084b00000)
 Metaspace       used 34333K, capacity 35330K, committed 35496K, reserved 1079296K
  class space    used 4661K, capacity 4917K, committed 5032K, reserved 1048576K
}
Event: 7.835 GC heap before
{Heap before GC invocations=10 (full 2):
 PSYoungGen      total 272896K, used 257536K [0x00000000d5580000, 0x00000000f2180000, 0x0000000100000000)
  eden space 257536K, 100% used [0x00000000d5580000,0x00000000e5100000,0x00000000e5100000)
  from space 15360K, 0% used [0x00000000e5100000,0x00000000e5100000,0x00000000e6000000)
  to   space 15360K, 0% used [0x00000000f1280000,0x00000000f1280000,0x00000000f2180000)
 ParOldGen       total 76800K, used 16149K [0x0000000080000000, 0x0000000084b00000, 0x00000000d5580000)
  object space 76800K, 21% used [0x0000000080000000,0x0000000080fc55b0,0x0000000084b00000)
 Metaspace       used 51939K, capacity 54012K, committed 54312K, reserved 1095680K
  class space    used 6939K, capacity 7388K, committed 7464K, reserved 1048576K
Event: 7.874 GC heap after
Heap after GC invocations=10 (full 2):
 PSYoungGen      total 422912K, used 15346K [0x00000000d5580000, 0x00000000f2180000, 0x0000000100000000)
  eden space 407552K, 0% used [0x00000000d5580000,0x00000000d5580000,0x00000000ee380000)
  from space 15360K, 99% used [0x00000000f1280000,0x00000000f217c8b0,0x00000000f2180000)
  to   space 22016K, 0% used [0x00000000ef680000,0x00000000ef680000,0x00000000f0c00000)
 ParOldGen       total 76800K, used 26686K [0x0000000080000000, 0x0000000084b00000, 0x00000000d5580000)
  object space 76800K, 34% used [0x0000000080000000,0x0000000081a0f968,0x0000000084b00000)
 Metaspace       used 51939K, capacity 54012K, committed 54312K, reserved 1095680K
  class space    used 6939K, capacity 7388K, committed 7464K, reserved 1048576K
}
Event: 8.906 GC heap before
{Heap before GC invocations=11 (full 2):
 PSYoungGen      total 422912K, used 74184K [0x00000000d5580000, 0x00000000f2180000, 0x0000000100000000)
  eden space 407552K, 14% used [0x00000000d5580000,0x00000000d8ef5a38,0x00000000ee380000)
  from space 15360K, 99% used [0x00000000f1280000,0x00000000f217c8b0,0x00000000f2180000)
  to   space 22016K, 0% used [0x00000000ef680000,0x00000000ef680000,0x00000000f0c00000)
 ParOldGen       total 76800K, used 26686K [0x0000000080000000, 0x0000000084b00000, 0x00000000d5580000)
  object space 76800K, 34% used [0x0000000080000000,0x0000000081a0f968,0x0000000084b00000)
 Metaspace       used 56808K, capacity 59064K, committed 59160K, reserved 1099776K
  class space    used 7707K, capacity 8179K, committed 8232K, reserved 1048576K
Event: 9.044 GC heap after
Heap after GC invocations=11 (full 2):
 PSYoungGen      total 449024K, used 20232K [0x00000000d5580000, 0x00000000fb280000, 0x0000000100000000)
  eden space 427008K, 0% used [0x00000000d5580000,0x00000000d5580000,0x00000000ef680000)
  from space 22016K, 91% used [0x00000000ef680000,0x00000000f0a420c0,0x00000000f0c00000)
  to   space 25088K, 0% used [0x00000000f9a00000,0x00000000f9a00000,0x00000000fb280000)
 ParOldGen       total 76800K, used 26694K [0x0000000080000000, 0x0000000084b00000, 0x00000000d5580000)
  object space 76800K, 34% used [0x0000000080000000,0x0000000081a11968,0x0000000084b00000)
 Metaspace       used 56808K, capacity 59064K, committed 59160K, reserved 1099776K
  class space    used 7707K, capacity 8179K, committed 8232K, reserved 1048576K
}
Event: 9.044 GC heap before
{Heap before GC invocations=12 (full 3):
 PSYoungGen      total 449024K, used 20232K [0x00000000d5580000, 0x00000000fb280000, 0x0000000100000000)
  eden space 427008K, 0% used [0x00000000d5580000,0x00000000d5580000,0x00000000ef680000)
  from space 22016K, 91% used [0x00000000ef680000,0x00000000f0a420c0,0x00000000f0c00000)
  to   space 25088K, 0% used [0x00000000f9a00000,0x00000000f9a00000,0x00000000fb280000)
 ParOldGen       total 76800K, used 26694K [0x0000000080000000, 0x0000000084b00000, 0x00000000d5580000)
  object space 76800K, 34% used [0x0000000080000000,0x0000000081a11968,0x0000000084b00000)
 Metaspace       used 56808K, capacity 59064K, committed 59160K, reserved 1099776K
  class space    used 7707K, capacity 8179K, committed 8232K, reserved 1048576K
Event: 9.306 GC heap after
Heap after GC invocations=12 (full 3):
 PSYoungGen      total 449024K, used 0K [0x00000000d5580000, 0x00000000fb280000, 0x0000000100000000)
  eden space 427008K, 0% used [0x00000000d5580000,0x00000000d5580000,0x00000000ef680000)
  from space 22016K, 0% used [0x00000000ef680000,0x00000000ef680000,0x00000000f0c00000)
  to   space 25088K, 0% used [0x00000000f9a00000,0x00000000f9a00000,0x00000000fb280000)
 ParOldGen       total 110080K, used 34044K [0x0000000080000000, 0x0000000086b80000, 0x00000000d5580000)
  object space 110080K, 30% used [0x0000000080000000,0x000000008213f090,0x0000000086b80000)
 Metaspace       used 56773K, capacity 58944K, committed 59160K, reserved 1099776K
  class space    used 7696K, capacity 8159K, committed 8232K, reserved 1048576K
}
Event: 15.990 GC heap before
{Heap before GC invocations=13 (full 3):
 PSYoungGen      total 449024K, used 427008K [0x00000000d5580000, 0x00000000fb280000, 0x0000000100000000)
  eden space 427008K, 100% used [0x00000000d5580000,0x00000000ef680000,0x00000000ef680000)
  from space 22016K, 0% used [0x00000000ef680000,0x00000000ef680000,0x00000000f0c00000)
  to   space 25088K, 0% used [0x00000000f9a00000,0x00000000f9a00000,0x00000000fb280000)
 ParOldGen       total 110080K, used 34044K [0x0000000080000000, 0x0000000086b80000, 0x00000000d5580000)
  object space 110080K, 30% used [0x0000000080000000,0x000000008213f090,0x0000000086b80000)
 Metaspace       used 70499K, capacity 74286K, committed 74520K, reserved 1114112K
  class space    used 9547K, capacity 10250K, committed 10280K, reserved 1048576K
Event: 16.032 GC heap after
Heap after GC invocations=13 (full 3):
 PSYoungGen      total 589824K, used 25085K [0x00000000d5580000, 0x00000000fb900000, 0x0000000100000000)
  eden space 564736K, 0% used [0x00000000d5580000,0x00000000d5580000,0x00000000f7d00000)
  from space 25088K, 99% used [0x00000000f9a00000,0x00000000fb27f678,0x00000000fb280000)
  to   space 29696K, 0% used [0x00000000f7d00000,0x00000000f7d00000,0x00000000f9a00000)
 ParOldGen       total 110080K, used 36805K [0x0000000080000000, 0x0000000086b80000, 0x00000000d5580000)
  object space 110080K, 33% used [0x0000000080000000,0x00000000823f1730,0x0000000086b80000)
 Metaspace       used 70499K, capacity 74286K, committed 74520K, reserved 1114112K
  class space    used 9547K, capacity 10250K, committed 10280K, reserved 1048576K
}

