# JRE version: OpenJDK Runtime Environment (8.0_212-b04) (build 1.8.0_212-release-1586-b04)
# Java VM: OpenJDK 64-Bit Server VM (25.212-b04 mixed mode windows-amd64 compressed oops)
Heap:
 PSYoungGen      total 663552K, used 506077K [0x00000000d5580000, 0x0000000100000000, 0x0000000100000000)
  eden space 631296K, 80% used [0x00000000d5580000,0x00000000f43b7660,0x00000000fbe00000)
  from space 32256K, 0% used [0x00000000fe080000,0x00000000fe080000,0x0000000100000000)
  to   space 33792K, 0% used [0x00000000fbe00000,0x00000000fbe00000,0x00000000fdf00000)
 ParOldGen       total 160768K, used 77899K [0x0000000080000000, 0x0000000089d00000, 0x00000000d5580000)
  object space 160768K, 48% used [0x0000000080000000,0x0000000084c12f00,0x0000000089d00000)
 Metaspace       used 104847K, capacity 110006K, committed 110360K, reserved 1144832K
  class space    used 13868K, capacity 14828K, committed 14896K, reserved 1048576K
GC Heap History (10 events):
Event: 20.341 GC heap before
{Heap before GC invocations=14 (full 2):
 PSYoungGen      total 380416K, used 89297K [0x00000000d5580000, 0x00000000f8400000, 0x0000000100000000)
  eden space 365568K, 20% used [0x00000000d5580000,0x00000000d9e3bf98,0x00000000eba80000)
  from space 14848K, 99% used [0x00000000eba80000,0x00000000ec8f86d0,0x00000000ec900000)
  to   space 20480K, 0% used [0x00000000f7000000,0x00000000f7000000,0x00000000f8400000)
 ParOldGen       total 62464K, used 24238K [0x0000000080000000, 0x0000000083d00000, 0x00000000d5580000)
  object space 62464K, 38% used [0x0000000080000000,0x00000000817ab9a0,0x0000000083d00000)
 Metaspace       used 56979K, capacity 59100K, committed 59160K, reserved 1099776K
  class space    used 7728K, capacity 8221K, committed 8240K, reserved 1048576K
Event: 20.373 GC heap after
Heap after GC invocations=14 (full 2):
 PSYoungGen      total 545280K, used 8079K [0x00000000d5580000, 0x00000000f7f80000, 0x0000000100000000)
  eden space 529408K, 0% used [0x00000000d5580000,0x00000000d5580000,0x00000000f5a80000)
  from space 15872K, 50% used [0x00000000f7000000,0x00000000f77e3d20,0x00000000f7f80000)
  to   space 18944K, 0% used [0x00000000f5a80000,0x00000000f5a80000,0x00000000f6d00000)
 ParOldGen       total 62464K, used 34836K [0x0000000080000000, 0x0000000083d00000, 0x00000000d5580000)
  object space 62464K, 55% used [0x0000000080000000,0x0000000082205278,0x0000000083d00000)
 Metaspace       used 56979K, capacity 59100K, committed 59160K, reserved 1099776K
  class space    used 7728K, capacity 8221K, committed 8240K, reserved 1048576K
}
Event: 20.373 GC heap before
{Heap before GC invocations=15 (full 3):
 PSYoungGen      total 545280K, used 8079K [0x00000000d5580000, 0x00000000f7f80000, 0x0000000100000000)
  eden space 529408K, 0% used [0x00000000d5580000,0x00000000d5580000,0x00000000f5a80000)
  from space 15872K, 50% used [0x00000000f7000000,0x00000000f77e3d20,0x00000000f7f80000)
  to   space 18944K, 0% used [0x00000000f5a80000,0x00000000f5a80000,0x00000000f6d00000)
 ParOldGen       total 62464K, used 34836K [0x0000000080000000, 0x0000000083d00000, 0x00000000d5580000)
  object space 62464K, 55% used [0x0000000080000000,0x0000000082205278,0x0000000083d00000)
 Metaspace       used 56979K, capacity 59100K, committed 59160K, reserved 1099776K
  class space    used 7728K, capacity 8221K, committed 8240K, reserved 1048576K
Event: 20.610 GC heap after
Heap after GC invocations=15 (full 3):
 PSYoungGen      total 545280K, used 0K [0x00000000d5580000, 0x00000000f7f80000, 0x0000000100000000)
  eden space 529408K, 0% used [0x00000000d5580000,0x00000000d5580000,0x00000000f5a80000)
  from space 15872K, 0% used [0x00000000f7000000,0x00000000f7000000,0x00000000f7f80000)
  to   space 18944K, 0% used [0x00000000f5a80000,0x00000000f5a80000,0x00000000f6d00000)
 ParOldGen       total 92672K, used 33033K [0x0000000080000000, 0x0000000085a80000, 0x00000000d5580000)
  object space 92672K, 35% used [0x0000000080000000,0x0000000082042720,0x0000000085a80000)
 Metaspace       used 56962K, capacity 59040K, committed 59160K, reserved 1099776K
  class space    used 7723K, capacity 8211K, committed 8240K, reserved 1048576K
}
Event: 32.552 GC heap before
{Heap before GC invocations=16 (full 3):
 PSYoungGen      total 545280K, used 529408K [0x00000000d5580000, 0x00000000f7f80000, 0x0000000100000000)
  eden space 529408K, 100% used [0x00000000d5580000,0x00000000f5a80000,0x00000000f5a80000)
  from space 15872K, 0% used [0x00000000f7000000,0x00000000f7000000,0x00000000f7f80000)
  to   space 18944K, 0% used [0x00000000f5a80000,0x00000000f5a80000,0x00000000f6d00000)
 ParOldGen       total 92672K, used 33033K [0x0000000080000000, 0x0000000085a80000, 0x00000000d5580000)
  object space 92672K, 35% used [0x0000000080000000,0x0000000082042720,0x0000000085a80000)
 Metaspace       used 78538K, capacity 82886K, committed 82968K, reserved 1120256K
  class space    used 10982K, capacity 11766K, committed 11824K, reserved 1048576K
Event: 32.596 GC heap after
Heap after GC invocations=16 (full 3):
 PSYoungGen      total 548352K, used 18937K [0x00000000d5580000, 0x0000000100000000, 0x0000000100000000)
  eden space 529408K, 0% used [0x00000000d5580000,0x00000000d5580000,0x00000000f5a80000)
  from space 18944K, 99% used [0x00000000f5a80000,0x00000000f6cfe6b8,0x00000000f6d00000)
  to   space 32256K, 0% used [0x00000000fe080000,0x00000000fe080000,0x0000000100000000)
 ParOldGen       total 92672K, used 60140K [0x0000000080000000, 0x0000000085a80000, 0x00000000d5580000)
  object space 92672K, 64% used [0x0000000080000000,0x0000000083abb1d0,0x0000000085a80000)
 Metaspace       used 78538K, capacity 82886K, committed 82968K, reserved 1120256K
  class space    used 10982K, capacity 11766K, committed 11824K, reserved 1048576K
}
Event: 226.162 GC heap before
{Heap before GC invocations=17 (full 3):
 PSYoungGen      total 548352K, used 548345K [0x00000000d5580000, 0x0000000100000000, 0x0000000100000000)
  eden space 529408K, 100% used [0x00000000d5580000,0x00000000f5a80000,0x00000000f5a80000)
  from space 18944K, 99% used [0x00000000f5a80000,0x00000000f6cfe6b8,0x00000000f6d00000)
  to   space 32256K, 0% used [0x00000000fe080000,0x00000000fe080000,0x0000000100000000)
 ParOldGen       total 92672K, used 60140K [0x0000000080000000, 0x0000000085a80000, 0x00000000d5580000)
  object space 92672K, 64% used [0x0000000080000000,0x0000000083abb1d0,0x0000000085a80000)
 Metaspace       used 88326K, capacity 93412K, committed 93592K, reserved 1130496K
  class space    used 11984K, capacity 12937K, committed 12976K, reserved 1048576K
Event: 226.193 GC heap after
Heap after GC invocations=17 (full 3):
 PSYoungGen      total 663552K, used 22152K [0x00000000d5580000, 0x0000000100000000, 0x0000000100000000)
  eden space 631296K, 0% used [0x00000000d5580000,0x00000000d5580000,0x00000000fbe00000)
  from space 32256K, 68% used [0x00000000fe080000,0x00000000ff622230,0x0000000100000000)
  to   space 33792K, 0% used [0x00000000fbe00000,0x00000000fbe00000,0x00000000fdf00000)
 ParOldGen       total 92672K, used 77014K [0x0000000080000000, 0x0000000085a80000, 0x00000000d5580000)
  object space 92672K, 83% used [0x0000000080000000,0x0000000084b35ab8,0x0000000085a80000)
 Metaspace       used 88326K, capacity 93412K, committed 93592K, reserved 1130496K
  class space    used 11984K, capacity 12937K, committed 12976K, reserved 1048576K
}
Event: 226.193 GC heap before
{Heap before GC invocations=18 (full 4):
 PSYoungGen      total 663552K, used 22152K [0x00000000d5580000, 0x0000000100000000, 0x0000000100000000)
  eden space 631296K, 0% used [0x00000000d5580000,0x00000000d5580000,0x00000000fbe00000)
  from space 32256K, 68% used [0x00000000fe080000,0x00000000ff622230,0x0000000100000000)
  to   space 33792K, 0% used [0x00000000fbe00000,0x00000000fbe00000,0x00000000fdf00000)
 ParOldGen       total 92672K, used 77014K [0x0000000080000000, 0x0000000085a80000, 0x00000000d5580000)
  object space 92672K, 83% used [0x0000000080000000,0x0000000084b35ab8,0x0000000085a80000)
 Metaspace       used 88326K, capacity 93412K, committed 93592K, reserved 1130496K
  class space    used 11984K, capacity 12937K, committed 12976K, reserved 1048576K
Event: 226.414 GC heap after
Heap after GC invocations=18 (full 4):
 PSYoungGen      total 663552K, used 0K [0x00000000d5580000, 0x0000000100000000, 0x0000000100000000)
  eden space 631296K, 0% used [0x00000000d5580000,0x00000000d5580000,0x00000000fbe00000)
  from space 32256K, 0% used [0x00000000fe080000,0x00000000fe080000,0x0000000100000000)
  to   space 33792K, 0% used [0x00000000fbe00000,0x00000000fbe00000,0x00000000fdf00000)
 ParOldGen       total 160768K, used 77899K [0x0000000080000000, 0x0000000089d00000, 0x00000000d5580000)
  object space 160768K, 48% used [0x0000000080000000,0x0000000084c12f00,0x0000000089d00000)
 Metaspace       used 87948K, capacity 92356K, committed 93592K, reserved 1130496K
  class space    used 11861K, capacity 12721K, committed 12976K, reserved 1048576K
}

